\BOOKMARK [1][-]{section.1}{\376\377\137\025\212\000}{}% 1
\BOOKMARK [1][-]{section.2}{\376\377\147\072\126\150\226\005\213\373\164\006\211\343\116\373\122\241\151\202\217\360}{}% 2
\BOOKMARK [2][-]{subsection.2.1}{\376\377\130\153\172\172\137\017}{section.2}% 3
\BOOKMARK [2][-]{subsection.2.2}{\376\377\131\032\230\171\220\011\142\351\137\017}{section.2}% 4
\BOOKMARK [2][-]{subsection.2.3}{\376\377\142\275\123\326\137\017}{section.2}% 5
\BOOKMARK [2][-]{subsection.2.4}{\376\377\201\352\165\061\173\124\150\110\137\017}{section.2}% 6
\BOOKMARK [2][-]{subsection.2.5}{\376\377\213\304\117\060\145\271\154\325}{section.2}% 7
\BOOKMARK [1][-]{section.3}{\376\377\171\136\176\317\147\072\126\150\226\005\213\373\164\006\211\343\152\041\127\213}{}% 8
\BOOKMARK [2][-]{subsection.3.1}{\376\377\127\372\116\216\142\275\123\326\137\017\116\373\122\241\166\204\176\317\121\170\000M\000R\000C\152\041\127\213}{section.3}% 9
\BOOKMARK [3][-]{subsubsection.3.1.1}{\376\377\213\315\135\114\121\145\134\102}{subsection.3.1}% 10
\BOOKMARK [3][-]{subsubsection.3.1.2}{\376\377\177\026\170\001\134\102}{subsection.3.1}% 11
\BOOKMARK [3][-]{subsubsection.3.1.3}{\376\377\116\244\116\222\134\102}{subsection.3.1}% 12
\BOOKMARK [3][-]{subsubsection.3.1.4}{\376\377\173\124\150\110\230\204\155\113\134\102}{subsection.3.1}% 13
\BOOKMARK [2][-]{subsection.3.2}{\376\377\131\015\147\102\116\373\122\241\116\013\166\204\000M\000R\000C\152\041\127\213}{section.3}% 14
\BOOKMARK [3][-]{subsubsection.3.2.1}{\376\377\136\046\147\011\116\015\123\357\126\336\173\124\225\356\230\230\166\204\226\005\213\373\164\006\211\343\116\373\122\241}{subsection.3.2}% 15
\BOOKMARK [3][-]{subsubsection.3.2.2}{\376\377\131\032\153\265\204\075\127\213\226\005\213\373\164\006\211\343\116\373\122\241}{subsection.3.2}% 16
\BOOKMARK [3][-]{subsubsection.3.2.3}{\376\377\133\371\213\335\127\213\225\356\173\124\116\373\122\241}{subsection.3.2}% 17
\BOOKMARK [2][-]{subsection.3.3}{\376\377\127\372\116\216\230\204\213\255\176\303\152\041\127\213\166\204\000M\000R\000C\152\041\127\213}{section.3}% 18
\BOOKMARK [3][-]{subsubsection.3.3.1}{\376\377\000T\000r\000a\000n\000s\000f\000o\000r\000m\000e\000r}{subsection.3.3}% 19
\BOOKMARK [3][-]{subsubsection.3.3.2}{\376\377\230\204\213\255\176\303\152\041\127\213}{subsection.3.3}% 20
\BOOKMARK [3][-]{subsubsection.3.3.3}{\376\377\146\364\137\072\131\047\166\204\000M\000R\000C\152\041\127\213}{subsection.3.3}% 21
\BOOKMARK [1][-]{section.4}{\376\377\213\250\213\272}{}% 22
\BOOKMARK [2][-]{subsection.4.1}{\376\377\126\336\230\176\000M\000R\000C\166\204\123\321\134\125\123\206\123\362}{section.4}% 23
\BOOKMARK [2][-]{subsection.4.2}{\376\377\000M\000R\000C\227\142\116\064\166\204\116\073\211\201\225\356\230\230}{section.4}% 24
\BOOKMARK [1][-]{section.5}{\376\377\140\073\176\323\116\016\134\125\147\033}{}% 25
